[    0.000000] Linux version 4.15.0-197-generic (buildd@lcy02-amd64-110) (gcc version 7.5.0 (Ubuntu 7.5.0-3ubuntu1~18.04)) #208-Ubuntu SMP Tue Nov 1 17:23:37 UTC 2022 (Ubuntu 4.15.0-197.208-generic 4.15.18)
[    0.000000] Command line: BOOT_IMAGE=/boot/vmlinuz-4.15.0-197-generic root=LABEL=cloudimg-rootfs ro console=tty1 console=ttyS0
[    0.000000] KERNEL supported cpus:
[    0.000000]   Intel GenuineIntel
[    0.000000]   AMD AuthenticAMD
[    0.000000]   Centaur CentaurHauls
[    0.000000] x86/fpu: Supporting XSAVE feature 0x001: 'x87 floating point registers'
[    0.000000] x86/fpu: Supporting XSAVE feature 0x002: 'SSE registers'
[    0.000000] x86/fpu: Supporting XSAVE feature 0x004: 'AVX registers'
[    0.000000] x86/fpu: xstate_offset[2]:  576, xstate_sizes[2]:  256
[    0.000000] x86/fpu: Enabled xstate features 0x7, context size is 832 bytes, using 'standard' format.
[    0.000000] e820: BIOS-provided physical RAM map:
[    0.000000] BIOS-e820: [mem 0x0000000000000000-0x000000000009fbff] usable
[    0.000000] BIOS-e820: [mem 0x000000000009fc00-0x000000000009ffff] reserved
[    0.000000] BIOS-e820: [mem 0x00000000000f0000-0x00000000000fffff] reserved
[    0.000000] BIOS-e820: [mem 0x0000000000100000-0x0000000063feffff] usable
[    0.000000] BIOS-e820: [mem 0x0000000063ff0000-0x0000000063ffffff] ACPI data
[    0.000000] BIOS-e820: [mem 0x00000000fec00000-0x00000000fec00fff] reserved
[    0.000000] BIOS-e820: [mem 0x00000000fee00000-0x00000000fee00fff] reserved
[    0.000000] BIOS-e820: [mem 0x00000000fffc0000-0x00000000ffffffff] reserved
[    0.000000] NX (Execute Disable) protection: active
[    0.000000] SMBIOS 2.5 present.
[    0.000000] DMI: innotek GmbH VirtualBox/VirtualBox, BIOS VirtualBox 12/01/2006
[    0.000000] Hypervisor detected: KVM
[    0.000000] e820: last_pfn = 0x63ff0 max_arch_pfn = 0x400000000
[    0.000000] MTRR: Disabled
[    0.000000] x86/PAT: MTRRs disabled, skipping PAT initialization too.
[    0.000000] CPU MTRRs all blank - virtualized system.
[    0.000000] x86/PAT: Configuration [0-7]: WB  WT  UC- UC  WB  WT  UC- UC  
[    0.000000] found SMP MP-table at [mem 0x0009fff0-0x0009ffff]
[    0.000000] Scanning 1 areas for low memory corruption
[    0.000000] RAMDISK: [mem 0x359c7000-0x36cdafff]
[    0.000000] ACPI: Early table checksum verification disabled
[    0.000000] ACPI: RSDP 0x00000000000E0000 000024 (v02 VBOX  )
[    0.000000] ACPI: XSDT 0x0000000063FF0030 00003C (v01 VBOX   VBOXXSDT 00000001 ASL  00000061)
[    0.000000] ACPI: FACP 0x0000000063FF00F0 0000F4 (v04 VBOX   VBOXFACP 00000001 ASL  00000061)
[    0.000000] ACPI: DSDT 0x0000000063FF0470 002325 (v02 VBOX   VBOXBIOS 00000002 INTL 20100528)
[    0.000000] ACPI: FACS 0x0000000063FF0200 000040
[    0.000000] ACPI: FACS 0x0000000063FF0200 000040
[    0.000000] ACPI: APIC 0x0000000063FF0240 00005C (v02 VBOX   VBOXAPIC 00000001 ASL  00000061)
[    0.000000] ACPI: SSDT 0x0000000063FF02A0 0001CC (v01 VBOX   VBOXCPUT 00000002 INTL 20100528)
[    0.000000] ACPI: Reserving FACP table memory at [mem 0x63ff00f0-0x63ff01e3]
[    0.000000] ACPI: Reserving DSDT table memory at [mem 0x63ff0470-0x63ff2794]
[    0.000000] ACPI: Reserving FACS table memory at [mem 0x63ff0200-0x63ff023f]
[    0.000000] ACPI: Reserving FACS table memory at [mem 0x63ff0200-0x63ff023f]
[    0.000000] ACPI: Reserving APIC table memory at [mem 0x63ff0240-0x63ff029b]
[    0.000000] ACPI: Reserving SSDT table memory at [mem 0x63ff02a0-0x63ff046b]
[    0.000000] No NUMA configuration found
[    0.000000] Faking a node at [mem 0x0000000000000000-0x0000000063feffff]
[    0.000000] NODE_DATA(0) allocated [mem 0x63fc5000-0x63feffff]
[    0.000000] kvm-clock: cpu 0, msr 0:63f44001, primary cpu clock
[    0.000000] kvm-clock: Using msrs 4b564d01 and 4b564d00
[    0.000000] kvm-clock: using sched offset of 5125343369 cycles
[    0.000000] clocksource: kvm-clock: mask: 0xffffffffffffffff max_cycles: 0x1cd42e4dffb, max_idle_ns: 881590591483 ns
[    0.000000] Zone ranges:
[    0.000000]   DMA      [mem 0x0000000000001000-0x0000000000ffffff]
[    0.000000]   DMA32    [mem 0x0000000001000000-0x0000000063feffff]
[    0.000000]   Normal   empty
[    0.000000]   Device   empty
[    0.000000] Movable zone start for each node
[    0.000000] Early memory node ranges
[    0.000000]   node   0: [mem 0x0000000000001000-0x000000000009efff]
[    0.000000]   node   0: [mem 0x0000000000100000-0x0000000063feffff]
[    0.000000] Reserved but unavailable: 104 pages
[    0.000000] Initmem setup node 0 [mem 0x0000000000001000-0x0000000063feffff]
[    0.000000] ACPI: PM-Timer IO Port: 0x4008
[    0.000000] IOAPIC[0]: apic_id 2, version 32, address 0xfec00000, GSI 0-23
[    0.000000] ACPI: INT_SRC_OVR (bus 0 bus_irq 0 global_irq 2 dfl dfl)
[    0.000000] ACPI: INT_SRC_OVR (bus 0 bus_irq 9 global_irq 9 low level)
[    0.000000] Using ACPI (MADT) for SMP configuration information
[    0.000000] smpboot: Allowing 2 CPUs, 0 hotplug CPUs
[    0.000000] PM: Registered nosave memory: [mem 0x00000000-0x00000fff]
[    0.000000] PM: Registered nosave memory: [mem 0x0009f000-0x0009ffff]
[    0.000000] PM: Registered nosave memory: [mem 0x000a0000-0x000effff]
[    0.000000] PM: Registered nosave memory: [mem 0x000f0000-0x000fffff]
[    0.000000] e820: [mem 0x64000000-0xfebfffff] available for PCI devices
[    0.000000] Booting paravirtualized kernel on KVM
[    0.000000] clocksource: refined-jiffies: mask: 0xffffffff max_cycles: 0xffffffff, max_idle_ns: 7645519600211568 ns
[    0.000000] setup_percpu: NR_CPUS:8192 nr_cpumask_bits:2 nr_cpu_ids:2 nr_node_ids:1
[    0.000000] percpu: Embedded 50 pages/cpu s167936 r8192 d28672 u1048576
[    0.000000] PV qspinlock hash table entries: 256 (order: 0, 4096 bytes)
[    0.000000] Built 1 zonelists, mobility grouping on.  Total pages: 403065
[    0.000000] Policy zone: DMA32
[    0.000000] Kernel command line: BOOT_IMAGE=/boot/vmlinuz-4.15.0-197-generic root=LABEL=cloudimg-rootfs ro console=tty1 console=ttyS0
[    0.000000] Memory: 1562228K/1637944K available (12300K kernel code, 2477K rwdata, 4320K rodata, 2472K init, 2720K bss, 75716K reserved, 0K cma-reserved)
[    0.000000] SLUB: HWalign=64, Order=0-3, MinObjects=0, CPUs=2, Nodes=1
[    0.000000] Kernel/User page tables isolation: enabled
[    0.000000] ftrace: allocating 39478 entries in 155 pages
[    0.004000] Hierarchical RCU implementation.
[    0.004000] 	RCU restricting CPUs from NR_CPUS=8192 to nr_cpu_ids=2.
[    0.004000] 	Tasks RCU enabled.
[    0.004000] RCU: Adjusting geometry for rcu_fanout_leaf=16, nr_cpu_ids=2
[    0.004000] NR_IRQS: 524544, nr_irqs: 440, preallocated irqs: 16
[    0.004000] random: crng init done
[    0.004000] Console: colour VGA+ 80x25
[    0.004000] console [tty1] enabled
[    0.004000] console [ttyS0] enabled
[    0.004000] ACPI: Core revision 20170831
[    0.004000] ACPI: 2 ACPI AML tables successfully acquired and loaded
[    0.004000] APIC: Switch to symmetric I/O mode setup
[    0.004000] x2apic enabled
[    0.004012] Switched APIC routing to physical x2apic.
[    0.008000] ..TIMER: vector=0x30 apic1=0 pin1=2 apic2=-1 pin2=-1
[    0.008008] tsc: Detected 1991.998 MHz processor
[    0.009714] Calibrating delay loop (skipped) preset value.. 3983.99 BogoMIPS (lpj=7967992)
[    0.012005] pid_max: default: 32768 minimum: 301
[    0.013830] Security Framework initialized
[    0.016006] Yama: becoming mindful.
[    0.017974] AppArmor: AppArmor initialized
[    0.024240] Dentry cache hash table entries: 262144 (order: 9, 2097152 bytes)
[    0.032078] Inode-cache hash table entries: 131072 (order: 8, 1048576 bytes)
[    0.036030] Mount-cache hash table entries: 4096 (order: 3, 32768 bytes)
[    0.039154] Mountpoint-cache hash table entries: 4096 (order: 3, 32768 bytes)
[    0.040449] Last level iTLB entries: 4KB 64, 2MB 8, 4MB 8
[    0.044008] Last level dTLB entries: 4KB 64, 2MB 0, 4MB 0, 1GB 4
[    0.046205] Spectre V1 : Mitigation: usercopy/swapgs barriers and __user pointer sanitization
[    0.048009] Spectre V2 : Mitigation: Retpolines
[    0.052004] Spectre V2 : Spectre v2 / SpectreRSB mitigation: Filling RSB on context switch
[    0.056004] Speculative Store Bypass: Vulnerable
[    0.060183] MDS: Mitigation: Clear CPU buffers
[    0.062412] MMIO Stale Data: Mitigation: Clear CPU buffers
[    0.064006] SRBDS: Unknown: Dependent on hypervisor status
[    0.066692] Freeing SMP alternatives memory: 36K
[    0.182179] smpboot: CPU0: Intel(R) Core(TM) i3-6006U CPU @ 2.00GHz (family: 0x6, model: 0x4e, stepping: 0x3)
[    0.184172] Performance Events: unsupported p6 CPU model 78 no PMU driver, software events only.
[    0.188080] Hierarchical SRCU implementation.
[    0.192478] NMI watchdog: Perf event create on CPU 0 failed with -2
[    0.195442] NMI watchdog: Perf NMI watchdog permanently disabled
[    0.196100] smp: Bringing up secondary CPUs ...
[    0.200173] x86: Booting SMP configuration:
[    0.202291] .... node  #0, CPUs:      #1
[    0.004000] kvm-clock: cpu 1, msr 0:63f44041, secondary cpu clock
[    0.212044] smp: Brought up 1 node, 2 CPUs
[    0.214363] smpboot: Max logical packages: 1
[    0.216017] smpboot: Total of 2 processors activated (7967.99 BogoMIPS)
[    0.220290] devtmpfs: initialized
[    0.221546] x86/mm: Memory block size: 128MB
[    0.224624] evm: security.selinux
[    0.228008] evm: security.SMACK64
[    0.229441] evm: security.SMACK64EXEC
[    0.231145] evm: security.SMACK64TRANSMUTE
[    0.232006] evm: security.SMACK64MMAP
[    0.233648] evm: security.apparmor
[    0.236025] evm: security.ima
[    0.237585] evm: security.capability
[    0.240133] clocksource: jiffies: mask: 0xffffffff max_cycles: 0xffffffff, max_idle_ns: 7645041785100000 ns
[    0.244022] futex hash table entries: 512 (order: 3, 32768 bytes)
[    0.248084] pinctrl core: initialized pinctrl subsystem
[    0.250651] RTC time:  5:20:07, date: 11/30/22
[    0.252234] NET: Registered protocol family 16
[    0.256155] audit: initializing netlink subsys (disabled)
[    0.258463] audit: type=2000 audit(1669785614.644:1): state=initialized audit_enabled=0 res=1
[    0.260077] cpuidle: using governor ladder
[    0.264014] cpuidle: using governor menu
[    0.266222] ACPI: bus type PCI registered
[    0.268008] acpiphp: ACPI Hot Plug PCI Controller Driver version: 0.5
[    0.272203] PCI: Using configuration type 1 for base access
[    0.280132] HugeTLB registered 2.00 MiB page size, pre-allocated 0 pages
[    0.284191] ACPI: Added _OSI(Module Device)
[    0.288015] ACPI: Added _OSI(Processor Device)
[    0.289834] ACPI: Added _OSI(3.0 _SCP Extensions)
[    0.292015] ACPI: Added _OSI(Processor Aggregator Device)
[    0.294642] ACPI: Added _OSI(Linux-Dell-Video)
[    0.296008] ACPI: Added _OSI(Linux-Lenovo-NV-HDMI-Audio)
[    0.300005] ACPI: Added _OSI(Linux-HPI-Hybrid-Graphics)
[    0.303007] ACPI: Executed 1 blocks of module-level executable AML code
[    0.315209] ACPI: Interpreter enabled
[    0.316034] ACPI: (supports S0 S5)
[    0.318101] ACPI: Using IOAPIC for interrupt routing
[    0.320558] PCI: Using host bridge windows from ACPI; if necessary, use "pci=nocrs" and report a bug
[    0.324421] ACPI: Enabled 2 GPEs in block 00 to 07
[    0.341995] ACPI: PCI Root Bridge [PCI0] (domain 0000 [bus 00-ff])
[    0.344013] acpi PNP0A03:00: _OSC: OS supports [ASPM ClockPM Segments MSI]
[    0.349062] acpi PNP0A03:00: _OSC: not requesting OS control; OS requires [ExtendedConfig ASPM ClockPM MSI]
[    0.352028] acpi PNP0A03:00: fail to add MMCONFIG information, can't access extended PCI configuration space under this bridge.
[    0.360809] PCI host bridge to bus 0000:00
[    0.363072] pci_bus 0000:00: root bus resource [io  0x0000-0x0cf7 window]
[    0.364011] pci_bus 0000:00: root bus resource [io  0x0d00-0xffff window]
[    0.368009] pci_bus 0000:00: root bus resource [mem 0x000a0000-0x000bffff window]
[    0.372010] pci_bus 0000:00: root bus resource [mem 0x64000000-0xfdffffff window]
[    0.376010] pci_bus 0000:00: root bus resource [bus 00-ff]
[    0.386870] pci 0000:00:01.1: legacy IDE quirk: reg 0x10: [io  0x01f0-0x01f7]
[    0.388008] pci 0000:00:01.1: legacy IDE quirk: reg 0x14: [io  0x03f6]
[    0.392005] pci 0000:00:01.1: legacy IDE quirk: reg 0x18: [io  0x0170-0x0177]
[    0.396012] pci 0000:00:01.1: legacy IDE quirk: reg 0x1c: [io  0x0376]
[    0.431133] pci 0000:00:07.0: quirk: [io  0x4000-0x403f] claimed by PIIX4 ACPI
[    0.432032] pci 0000:00:07.0: quirk: [io  0x4100-0x410f] claimed by PIIX4 SMB
[    0.468901] ACPI: PCI Interrupt Link [LNKA] (IRQs 5 9 10 *11)
[    0.472157] ACPI: PCI Interrupt Link [LNKB] (IRQs 5 9 *10 11)
[    0.475161] ACPI: PCI Interrupt Link [LNKC] (IRQs 5 *9 10 11)
[    0.476264] ACPI: PCI Interrupt Link [LNKD] (IRQs 5 9 10 *11)
[    0.480732] SCSI subsystem initialized
[    0.482299] pci 0000:00:02.0: vgaarb: setting as boot VGA device
[    0.482970] pci 0000:00:02.0: vgaarb: VGA device added: decodes=io+mem,owns=io+mem,locks=none
[    0.484014] pci 0000:00:02.0: vgaarb: bridge control possible
[    0.488005] vgaarb: loaded
[    0.492139] ACPI: bus type USB registered
[    0.495058] usbcore: registered new interface driver usbfs
[    0.496022] usbcore: registered new interface driver hub
[    0.500032] usbcore: registered new device driver usb
[    0.504162] EDAC MC: Ver: 3.0.0
[    0.508550] PCI: Using ACPI for IRQ routing
[    0.512267] NetLabel: Initializing
[    0.514758] NetLabel:  domain hash size = 128
[    0.516017] NetLabel:  protocols = UNLABELED CIPSOv4 CALIPSO
[    0.520050] NetLabel:  unlabeled traffic allowed by default
[    0.524236] clocksource: Switched to clocksource kvm-clock
[    0.564045] VFS: Disk quotas dquot_6.6.0
[    0.566576] VFS: Dquot-cache hash table entries: 512 (order 0, 4096 bytes)
[    0.569662] AppArmor: AppArmor Filesystem Enabled
[    0.571881] pnp: PnP ACPI init
[    0.576792] pnp: PnP ACPI: found 3 devices
[    0.594920] clocksource: acpi_pm: mask: 0xffffff max_cycles: 0xffffff, max_idle_ns: 2085701024 ns
[    0.600107] NET: Registered protocol family 2
[    0.602915] IP idents hash table entries: 32768 (order: 6, 262144 bytes)
[    0.607328] TCP established hash table entries: 16384 (order: 5, 131072 bytes)
[    0.611846] TCP bind hash table entries: 16384 (order: 6, 262144 bytes)
[    0.619635] TCP: Hash tables configured (established 16384 bind 16384)
[    0.625128] UDP hash table entries: 1024 (order: 3, 32768 bytes)
[    0.628423] UDP-Lite hash table entries: 1024 (order: 3, 32768 bytes)
[    0.632645] NET: Registered protocol family 1
[    0.635288] pci 0000:00:00.0: Limiting direct PCI/PCI transfers
[    0.638624] pci 0000:00:01.0: Activating ISA DMA hang workarounds
[    0.641249] pci 0000:00:02.0: Video device with shadowed ROM at [mem 0x000c0000-0x000dffff]
[    0.646367] Unpacking initramfs...
[    1.226620] Freeing initrd memory: 19536K
[    1.228865] clocksource: tsc: mask: 0xffffffffffffffff max_cycles: 0x396d4e5fc9d, max_idle_ns: 881590756024 ns
[    1.233786] platform rtc_cmos: registered platform RTC device (no PNP device found)
[    1.237819] Scanning for low memory corruption every 60 seconds
[    1.247473] Initialise system trusted keyrings
[    1.250214] Key type blacklist registered
[    1.252733] workingset: timestamp_bits=36 max_order=19 bucket_order=0
[    1.258412] zbud: loaded
[    1.260703] squashfs: version 4.0 (2009/01/31) Phillip Lougher
[    1.264278] fuse init (API version 7.26)
[    1.273482] Key type asymmetric registered
[    1.275731] Asymmetric key parser 'x509' registered
[    1.277984] Block layer SCSI generic (bsg) driver version 0.4 loaded (major 246)
[    1.281376] io scheduler noop registered
[    1.283870] io scheduler deadline registered
[    1.286061] io scheduler cfq registered (default)
[    1.289088] ACPI: AC Adapter [AC] (on-line)
[    1.291253] input: Power Button as /devices/LNXSYSTM:00/LNXPWRBN:00/input/input0
[    1.295313] ACPI: Power Button [PWRF]
[    1.297348] input: Sleep Button as /devices/LNXSYSTM:00/LNXSLPBN:00/input/input1
[    1.300925] ACPI: Sleep Button [SLPF]
[    1.305288] ACPI: Battery Slot [BAT0] (battery present)
[    1.308410] Serial: 8250/16550 driver, 32 ports, IRQ sharing enabled
[    1.332456] 00:02: ttyS0 at I/O 0x3f8 (irq = 4, base_baud = 115200) is a 16550A
[    1.338268] Linux agpgart interface v0.103
[    1.342639] loop: module loaded
[    1.345497] scsi host0: ata_piix
[    1.347482] scsi host1: ata_piix
[    1.349152] ata1: PATA max UDMA/33 cmd 0x1f0 ctl 0x3f6 bmdma 0xd000 irq 14
[    1.352166] ata2: PATA max UDMA/33 cmd 0x170 ctl 0x376 bmdma 0xd008 irq 15
[    1.355981] tun: Universal TUN/TAP device driver, 1.6
[    1.358468] PPP generic driver version 2.4.2
[    1.360166] ehci_hcd: USB 2.0 'Enhanced' Host Controller (EHCI) Driver
[    1.363209] ehci-pci: EHCI PCI platform driver
[    1.365266] ehci-platform: EHCI generic platform driver
[    1.367551] ohci_hcd: USB 1.1 'Open' Host Controller (OHCI) Driver
[    1.369930] ohci-pci: OHCI PCI platform driver
[    1.371899] ohci-platform: OHCI generic platform driver
[    1.375048] uhci_hcd: USB Universal Host Controller Interface driver
[    1.378249] i8042: PNP: PS/2 Controller [PNP0303:PS2K,PNP0f03:PS2M] at 0x60,0x64 irq 1,12
[    1.383221] serio: i8042 KBD port at 0x60,0x64 irq 1
[    1.385891] serio: i8042 AUX port at 0x60,0x64 irq 12
[    1.388037] mousedev: PS/2 mouse device common for all mice
[    1.391043] input: AT Translated Set 2 keyboard as /devices/platform/i8042/serio0/input/input2
[    1.396168] rtc_cmos rtc_cmos: rtc core: registered rtc_cmos as rtc0
[    1.398872] rtc_cmos rtc_cmos: alarms up to one day, 114 bytes nvram
[    1.401541] i2c /dev entries driver
[    1.403624] device-mapper: uevent: version 1.0.3
[    1.405917] device-mapper: ioctl: 4.37.0-ioctl (2017-09-20) initialised: dm-devel@redhat.com
[    1.409887] ledtrig-cpu: registered to indicate activity on CPUs
[    1.413479] NET: Registered protocol family 10
[    1.423965] Segment Routing with IPv6
[    1.425610] NET: Registered protocol family 17
[    1.427712] Key type dns_resolver registered
[    1.430174] mce: Using 0 MCE banks
[    1.431699] RAS: Correctable Errors collector initialized.
[    1.434682] sched_clock: Marking stable (1434637349, 0)->(1860777006, -426139657)
[    1.439524] registered taskstats version 1
[    1.441771] Loading compiled-in X.509 certificates
[    1.448162] Loaded X.509 cert 'Build time autogenerated kernel key: ffc9dd3886e7b6bb89620497cc57c4262b59bc54'
[    1.453732] Loaded X.509 cert 'Canonical Ltd. Live Patch Signing: 14df34d1a87cf37625abec039ef2bf521249b969'
[    1.458830] Loaded X.509 cert 'Canonical Ltd. Kernel Module Signing: 88f752e560a1e0737e31163a466ad7b70a850c19'
[    1.463650] blacklist: Loading compiled-in revocation X.509 certificates
[    1.466642] Loaded X.509 cert 'Canonical Ltd. Secure Boot Signing: 61482aa2830d0ab2ad5af10b7250da9033ddcef0'
[    1.470940] zswap: loaded using pool lzo/zbud
[    1.480247] Key type big_key registered
[    1.481753] Key type trusted registered
[    1.487203] Key type encrypted registered
[    1.488981] AppArmor: AppArmor sha1 policy hashing enabled
[    1.491208] ima: No TPM chip found, activating TPM-bypass! (rc=-19)
[    1.494256] ima: Allocated hash algorithm: sha1
[    1.496266] evm: HMAC attrs: 0x1
[    1.498662]   Magic number: 14:86:316
[    1.500219] tty tty41: hash matches
[    1.501956] rtc_cmos rtc_cmos: setting system clock to 2022-11-30 05:20:09 UTC (1669785609)
[    1.506587] BIOS EDD facility v0.16 2004-Jun-25, 0 devices found
[    1.509602] EDD information not available.
[    1.546726] Freeing unused kernel image memory: 2472K
[    1.556869] Write protecting the kernel read-only data: 20480k
[    1.560733] Freeing unused kernel image memory: 2008K
[    1.564386] Freeing unused kernel image memory: 1824K
[    1.580490] x86/mm: Checked W+X mappings: passed, no W+X pages found.
[    1.583478] x86/mm: Checking user space page tables
[    1.599383] x86/mm: Checked W+X mappings: passed, no W+X pages found.
Loading, please wait...
starting version 237
[    1.794069] e1000: Intel(R) PRO/1000 Network Driver - version 7.3.21-k8-NAPI
[    1.798185] e1000: Copyright (c) 1999-2006 Intel Corporation.
[    1.808462] Fusion MPT base driver 3.04.20
[    1.812098] Copyright (c) 1999-2008 LSI Corporation
[    1.823805] Fusion MPT SPI Host driver 3.04.20
[    1.846774] AVX2 version of gcm_enc/dec engaged.
[    1.849252] AES CTR mode by8 optimization enabled
[    2.022938] input: ImExPS/2 Generic Explorer Mouse as /devices/platform/i8042/serio1/input/input4
[    2.333610] e1000 0000:00:03.0 eth0: (PCI:33MHz:32-bit) 02:a6:12:9f:2a:1a
[    2.336779] e1000 0000:00:03.0 eth0: Intel(R) PRO/1000 Network Connection
[    2.341478] mptbase: ioc0: Initiating bringup
[    2.438763] ioc0: LSI53C1030 A0: Capabilities={Initiator}
[    2.693874] scsi host2: ioc0: LSI53C1030 A0, FwRev=00000000h, Ports=1, MaxQ=256, IRQ=20
[    2.870752] scsi 2:0:0:0: Direct-Access     VBOX     HARDDISK         1.0  PQ: 0 ANSI: 5
[    2.938651] scsi target2:0:0: Beginning Domain Validation
[    2.944353] scsi target2:0:0: Domain Validation skipping write tests
[    2.948758] scsi target2:0:0: Ending Domain Validation
[    2.951412] scsi target2:0:0: asynchronous
[    2.955015] scsi 2:0:1:0: Direct-Access     VBOX     HARDDISK         1.0  PQ: 0 ANSI: 5
[    3.304092] scsi target2:0:1: Beginning Domain Validation
[    3.308382] scsi target2:0:1: Domain Validation skipping write tests
[    3.311281] scsi target2:0:1: Ending Domain Validation
[    3.314247] scsi target2:0:1: asynchronous
[    3.323963] sd 2:0:0:0: [sda] 83886080 512-byte logical blocks: (42.9 GB/40.0 GiB)
[    3.330381] sd 2:0:0:0: Attached scsi generic sg0 type 0
[    3.333778] sd 2:0:0:0: [sda] Write Protect is off
[    3.337216] sd 2:0:0:0: [sda] Incomplete mode parameter data
[    3.339926] sd 2:0:0:0: [sda] Assuming drive cache: write through
[    3.344562] sd 2:0:1:0: [sdb] 20480 512-byte logical blocks: (10.5 MB/10.0 MiB)
[    3.348693] sd 2:0:1:0: [sdb] Write Protect is off
[    3.351065] sd 2:0:1:0: Attached scsi generic sg1 type 0
[    3.354578] sd 2:0:1:0: [sdb] Incomplete mode parameter data
[    3.357751] sd 2:0:1:0: [sdb] Assuming drive cache: write through
[    3.410067]  sda: sda1
[    3.411523] e1000 0000:00:08.0 eth1: (PCI:33MHz:32-bit) 08:00:27:c0:fe:c2
[    3.415152] e1000 0000:00:08.0 eth1: Intel(R) PRO/1000 Network Connection
[    3.416336] sd 2:0:0:0: [sda] Attached SCSI disk
[    3.438829] sd 2:0:1:0: [sdb] Attached SCSI disk
[    3.902135] e1000 0000:00:09.0 eth2: (PCI:33MHz:32-bit) 08:00:27:81:9e:be
[    3.905766] e1000 0000:00:09.0 eth2: Intel(R) PRO/1000 Network Connection
[    3.911052] e1000 0000:00:03.0 enp0s3: renamed from eth0
[    3.932574] e1000 0000:00:09.0 enp0s9: renamed from eth2
[    3.952761] e1000 0000:00:08.0 enp0s8: renamed from eth1
Begin: Loading essential drivers ... [    6.344119] raid6: sse2x1   gen()  6038 MB/s
[    6.392105] raid6: sse2x1   xor()  4500 MB/s
[    6.440136] raid6: sse2x2   gen()  7604 MB/s
[    6.488100] raid6: sse2x2   xor()  3605 MB/s
[    6.536097] raid6: sse2x4   gen()  5783 MB/s
[    6.584084] raid6: sse2x4   xor()  4236 MB/s
[    6.632209] raid6: avx2x1   gen() 11550 MB/s
[    6.680110] raid6: avx2x1   xor()  8910 MB/s
[    6.728068] raid6: avx2x2   gen() 15766 MB/s
[    6.776048] raid6: avx2x2   xor()  9714 MB/s
[    6.824036] raid6: avx2x4   gen() 17446 MB/s
[    6.872219] raid6: avx2x4   xor()  8519 MB/s
[    6.874125] raid6: using algorithm avx2x4 gen() 17446 MB/s
[    6.876359] raid6: .... xor() 8519 MB/s, rmw enabled
[    6.878582] raid6: using avx2x2 recovery algorithm
[    6.883747] xor: automatically using best checksumming function   avx       
[    6.889219] async_tx: api initialized (async)
done.
Begin: Running /scripts/init-premount ... done.
Begin: Mounting root file system ... Begin: Running /scripts/local-top ... done.
Begin: Running /scripts/local-premount ... [    6.973511] Btrfs loaded, crc32c=crc32c-intel
Scanning for Btrfs filesystems
done.
Warning: fsck not present, so skipping root file system
[    7.081831] EXT4-fs (sda1): mounted filesystem with ordered data mode. Opts: (null)
done.
Begin: Running /scripts/local-bottom ... done.
Begin: Running /scripts/init-bottom ... done.
[    8.413657] ip_tables: (C) 2000-2006 Netfilter Core Team
[    8.545607] systemd[1]: systemd 237 running in system mode. (+PAM +AUDIT +SELINUX +IMA +APPARMOR +SMACK +SYSVINIT +UTMP +LIBCRYPTSETUP +GCRYPT +GNUTLS +ACL +XZ +LZ4 +SECCOMP +BLKID +ELFUTILS +KMOD -IDN2 +IDN -PCRE2 default-hierarchy=hybrid)
[    8.555200] systemd[1]: Detected virtualization oracle.
[    8.557718] systemd[1]: Detected architecture x86-64.

Welcome to [1mUbuntu 18.04.6 LTS[0m!

[    8.608016] systemd[1]: Set hostname to <ubuntu>.
[    8.634855] systemd[1]: Initializing machine ID from random generator.
[    8.637833] systemd[1]: Installed transient /etc/machine-id file.
[   10.912177] systemd[1]: Reached target Swap.
[[0;32m  OK  [0m] Reached target Swap.
[   10.921126] systemd[1]: Created slice System Slice.
[[0;32m  OK  [0m] Created slice System Slice.
[   10.924570] systemd[1]: Listening on LVM2 metadata daemon socket.
[[0;32m  OK  [0m] Listening on LVM2 metadata daemon socket.
[   10.927761] systemd[1]: Listening on /dev/initctl Compatibility Named Pipe.
[[0;32m  OK  [0m] Listening on /dev/initctl Compatibility Named Pipe.
[[0;32m  OK  [0m] Listening on Network Service Netlink Socket.
[[0;32m  OK  [0m] Listening on Journal Socket.
         Mounting Huge Pages File System...
         Starting Uncomplicated firewall...
         Starting Load Kernel Modules...
         Mounting POSIX Message Queue File System...
[[0;32m  OK  [0m] Listening on udev Control Socket.
[[0;32m  OK  [0m] Listening on Journal Socket (/dev/log).
[[0;32m  OK  [0m] Listening on fsck to fsckd communication Socket.
         Starting File System Check on Root Device...
[[0;32m  OK  [0m] Listening on udev Kernel Socket.
         Starting udev Coldplug all Devices...
         Mounting Kernel Debug File System...
         Starting Set the console keyboard layout...
[[0;32m  OK  [0m] Listening on Device-mapper event daemon FIFOs.
[   11.088594] Loading iSCSI transport class v2.0-870.
         Starting Monitoring of LVM2 mirrors…ng dmeventd or progress polling...
[[0;32m  OK  [0m] Created slice system-serial\x2dgetty.slice.
[[0;32m  OK  [0m] Reached target System Time Synchronized.
[[0;32m  OK  [0m] Set up automount Arbitrary Executab…rmats File System Automount Point.
[   11.219742] iscsi: registered transport (tcp)
[[0;32m  OK  [0m] Reached target User and Group Name Lookups.
[[0;32m  OK  [0m] Started Forward Password Requests to Wall Directory Watch.
[[0;32m  OK  [0m] Listening on Syslog Socket.
[[0;32m  OK  [0m] Listening on Journal Audit Socket.
         Starting Journal Service...
         Starting Create list of required st…ce nodes for the current kernel...
[[0;32m  OK  [0m] Created slice User and Session Slice.
[[0;32m  OK  [0m] Reached target Slices.
[[0;32m  OK  [0m] Listening on LVM2 poll daemon socket.
[[0;32m  OK  [0m] Mounted Huge Pages File System.
[[0;32m  OK  [0m] Started Uncomplicated firewall.
[[0;32m  OK  [0m] Mounted POSIX Message Queue File System.
[[0;32m  OK  [0m] Mounted Kernel Debug File System.
[[0;32m  OK  [0m] Started File System Check Daemon to report status.
[[0;32m  OK  [0m] Started udev Coldplug all Devices.
[[0;32m  OK  [0m] Started File System Check on Root Device.
         Starting Remount Root and Kernel File Systems...
[[0;32m  OK  [0m] Started Create list of required sta…vice nodes for the current kernel.
         Starting Create Static Device Nodes in /dev...
[   11.621205] iscsi: registered transport (iser)
[[0;32m  OK  [0m] Started Load Kernel Modules.
         Mounting FUSE Control File System...
         Starting Apply Kernel Variables...
         Mounting Kernel Configuration File System...
[[0;32m  OK  [0m] Started Journal Service.
[[0;32m  OK  [0m] Mounted FUSE Control File System.
[[0;32m  OK  [0m] Mounted Kernel Configuration File System.
[   11.692709] EXT4-fs (sda1): re-mounted. Opts: (null)
[[0;32m  OK  [0m] Started Remount Root and Kernel File Systems.
         Starting Load/Save Random Seed...
         Starting Flush Journal to Persistent Storage...
[[0;32m  OK  [0m] Started Load/Save Random Seed.
[[0;32m  OK  [0m] Started Apply Kernel Variables.
[[0;32m  OK  [0m] Started LVM2 metadata daemon.
[[0;32m  OK  [0m] Started Flush Journal to Persistent Storage.
[[0;32m  OK  [0m] Started Create Static Device Nodes in /dev.
         Starting udev Kernel Device Manager...
[[0;32m  OK  [0m] Started Monitoring of LVM2 mirrors,…sing dmeventd or progress polling.
[[0;32m  OK  [0m] Started udev Kernel Device Manager.
[[0;32m  OK  [0m] Found device /dev/ttyS0.
[[0;32m  OK  [0m] Listening on Load/Save RF Kill Switch Status /dev/rfkill Watch.
         Mounting Arbitrary Executable File Formats File System...
[[0;32m  OK  [0m] Mounted Arbitrary Executable File Formats File System.
[[0;32m  OK  [0m] Started Set the console keyboard layout.
[[0;32m  OK  [0m] Reached target Local File Systems (Pre).
[[0;32m  OK  [0m] Reached target Local File Systems.
         Starting AppArmor initialization...
         Starting Tell Plymouth To Write Out Runtime Data...
         Starting ebtables ruleset management...
         Starting Commit a transient machine-id on disk...
         Starting Create Volatile Files and Directories...
         Starting Set console font and keymap...
[[0;32m  OK  [0m] Started Dispatch Password Requests to Console Directory Watch.
[[0;32m  OK  [0m] Reached target Local Encrypted Volumes.
[[0;32m  OK  [0m] Started Tell Plymouth To Write Out Runtime Data.
[[0;32m  OK  [0m] Started Create Volatile Files and Directories.
         Starting Update UTMP about System Boot/Shutdown...
[[0;32m  OK  [0m] Started Commit a transient machine-id on disk.
[[0;32m  OK  [0m] Started Update UTMP about System Boot/Shutdown.
[[0;32m  OK  [0m] Started ebtables ruleset management.
[[0;32m  OK  [0m] Started Set console font and keymap.
[[0;32m  OK  [0m] Started AppArmor initialization.
         Starting Load AppArmor profiles managed internally by snapd...
         Starting Initial cloud-init job (pre-networking)...
[[0;32m  OK  [0m] Started Load AppArmor profiles managed internally by snapd.
[   28.398763] cloud-init[907]: Cloud-init v. 22.3.4-0ubuntu1~18.04.1 running 'init-local' at Wed, 30 Nov 2022 05:20:34 +0000. Up 26.35 seconds.
[[0;32m  OK  [0m] Started Initial cloud-init job (pre-networking).
[[0;32m  OK  [0m] Reached target Network (Pre).
         Starting Network Service...
[[0;32m  OK  [0m] Started Network Service.
         Starting Network Name Resolution...
         Starting Wait for Network to be Configured...
[[0;32m  OK  [0m] Started Network Name Resolution.
[[0;32m  OK  [0m] Reached target Host and Network Name Lookups.
[[0;32m  OK  [0m] Reached target Network.
[[0;32m  OK  [0m] Started Wait for Network to be Configured.
         Starting Initial cloud-init job (metadata service crawler)...
[   32.104479] cloud-init[1032]: Cloud-init v. 22.3.4-0ubuntu1~18.04.1 running 'init' at Wed, 30 Nov 2022 05:20:39 +0000. Up 31.59 seconds.
[   32.107818] cloud-init[1032]: ci-info: ++++++++++++++++++++++++++++++++++++++Net device info+++++++++++++++++++++++++++++++++++++++
[   32.110756] cloud-init[1032]: ci-info: +--------+-------+----------------------------+---------------+--------+-------------------+
[   32.114842] cloud-init[1032]: ci-info: | Device |   Up  |          Address           |      Mask     | Scope  |     Hw-Address    |
[   32.117613] cloud-init[1032]: ci-info: +--------+-------+----------------------------+---------------+--------+-------------------+
[   32.121446] cloud-init[1032]: ci-info: | enp0s3 |  True |         10.0.2.15          | 255.255.255.0 | global | 02:a6:12:9f:2a:1a |
[   32.125134] cloud-init[1032]: ci-info: | enp0s3 |  True | fe80::a6:12ff:fe9f:2a1a/64 |       .       |  link  | 02:a6:12:9f:2a:1a |
[   32.128519] cloud-init[1032]: ci-info: | enp0s8 | False |             .              |       .       |   .    | 08:00:27:c0:fe:c2 |
[   32.132246] cloud-init[1032]: ci-info: | enp0s9 | False |             .              |       .       |   .    | 08:00:27:81:9e:be |
[   32.135539] cloud-init[1032]: ci-info: |   lo   |  True |         127.0.0.1          |   255.0.0.0   |  host  |         .         |
[   32.139007] cloud-init[1032]: ci-info: |   lo   |  True |          ::1/128           |       .       |  host  |         .         |
[   32.141262] cloud-init[1032]: ci-info: +--------+-------+----------------------------+---------------+--------+-------------------+
[   32.145207] cloud-init[1032]: ci-info: ++++++++++++++++++++++++++++Route IPv4 info+++++++++++++++++++++++++++++
[   32.148335] cloud-init[1032]: ci-info: +-------+-------------+----------+-----------------+-----------+-------+
[   32.151626] cloud-init[1032]: ci-info: | Route | Destination | Gateway  |     Genmask     | Interface | Flags |
[   32.154959] cloud-init[1032]: ci-info: +-------+-------------+----------+-----------------+-----------+-------+
[   32.157940] cloud-init[1032]: ci-info: |   0   |   0.0.0.0   | 10.0.2.2 |     0.0.0.0     |   enp0s3  |   UG  |
[   32.160469] cloud-init[1032]: ci-info: |   1   |   10.0.2.0  | 0.0.0.0  |  255.255.255.0  |   enp0s3  |   U   |
[   32.163554] cloud-init[1032]: ci-info: |   2   |   10.0.2.2  | 0.0.0.0  | 255.255.255.255 |   enp0s3  |   UH  |
[   32.166176] cloud-init[1032]: ci-info: +-------+-------------+----------+-----------------+-----------+-------+
[   32.168196] cloud-init[1032]: ci-info: +++++++++++++++++++Route IPv6 info+++++++++++++++++++
[   32.169945] cloud-init[1032]: ci-info: +-------+-------------+---------+-----------+-------+
[   32.173020] cloud-init[1032]: ci-info: | Route | Destination | Gateway | Interface | Flags |
[   32.175675] cloud-init[1032]: ci-info: +-------+-------------+---------+-----------+-------+
[   32.178809] cloud-init[1032]: ci-info: |   1   |  fe80::/64  |    ::   |   enp0s3  |   U   |
[   32.181188] cloud-init[1032]: ci-info: |   3   |    local    |    ::   |   enp0s3  |   U   |
[   32.184889] cloud-init[1032]: ci-info: |   4   |   ff00::/8  |    ::   |   enp0s3  |   U   |
[   32.187815] cloud-init[1032]: ci-info: +-------+-------------+---------+-----------+-------+
[   34.943611] cloud-init[1032]: Generating public/private rsa key pair.
[   34.947155] cloud-init[1032]: Your identification has been saved in /etc/ssh/ssh_host_rsa_key.
[   34.950698] cloud-init[1032]: Your public key has been saved in /etc/ssh/ssh_host_rsa_key.pub.
[   34.957292] cloud-init[1032]: The key fingerprint is:
[   34.959453] cloud-init[1032]: SHA256:2CPOHLYg0JAKFKkgqR3eUbwk2kIZ4cAwLE+evQIOY3A root@ubuntu-bionic
[   34.972380] cloud-init[1032]: The key's randomart image is:
[   34.974167] cloud-init[1032]: +---[RSA 2048]----+
[   34.976189] cloud-init[1032]: |X==+ o.          |
[   34.978434] cloud-init[1032]: |OXE o o          |
[   34.988532] cloud-init[1032]: |@OoB + .         |
[   34.990825] cloud-init[1032]: |BoO + .o         |
[   34.994154] cloud-init[1032]: |+o....= S        |
[   34.996309] cloud-init[1032]: | ....* + .       |
[   34.998417] cloud-init[1032]: |   .  =          |
[   35.000202] cloud-init[1032]: |                 |
[   35.002251] cloud-init[1032]: |                 |
[   35.004288] cloud-init[1032]: +----[SHA256]-----+
[   35.006330] cloud-init[1032]: Generating public/private dsa key pair.
[   35.009205] cloud-init[1032]: Your identification has been saved in /etc/ssh/ssh_host_dsa_key.
[   35.014060] cloud-init[1032]: Your public key has been saved in /etc/ssh/ssh_host_dsa_key.pub.
[   35.017731] cloud-init[1032]: The key fingerprint is:
[   35.019641] cloud-init[1032]: SHA256:X4eNpDaiFbaHVJRptgCXyJGMAtyYQjUGVtcYUUQYQ4I root@ubuntu-bionic
[   35.023898] cloud-init[1032]: The key's randomart image is:
[   35.026813] cloud-init[1032]: +---[DSA 1024]----+
[   35.028709] cloud-init[1032]: |+=O*.@&O.ooo     |
[   35.030796] cloud-init[1032]: |oEo.=o*oo.=      |
[   35.033490] cloud-init[1032]: |.  .    ++ ..    |
[   35.035781] cloud-init[1032]: |       o +.o +   |
[   35.038031] cloud-init[1032]: |        S = + o  |
[   35.040388] cloud-init[1032]: |       o = o .   |
[   35.042181] cloud-init[1032]: |      .   .      |
[   35.044908] cloud-init[1032]: |                 |
[   35.046512] cloud-init[1032]: |                 |
[   35.047990] cloud-init[1032]: +----[SHA256]-----+
[   35.049895] cloud-init[1032]: Generating public/private ecdsa key pair.
[   35.052228] cloud-init[1032]: Your identification has been saved in /etc/ssh/ssh_host_ecdsa_key.
[   35.055428] cloud-init[1032]: Your public key has been saved in /etc/ssh/ssh_host_ecdsa_key.pub.
[   35.059376] cloud-init[1032]: The key fingerprint is:
[   35.062015] cloud-init[1032]: SHA256:CwzFxz7oJ5NCejVMZhAxle8JMjOzg3BsJVavuWmsPDY root@ubuntu-bionic
[   35.065697] cloud-init[1032]: The key's randomart image is:
[   35.068143] cloud-init[1032]: +---[ECDSA 256]---+
[   35.070374] cloud-init[1032]: |   .**oo         |
[   35.072953] cloud-init[1032]: |  o .+* o        |
[   35.074985] cloud-init[1032]: | o o.=.=         |
[   35.077174] cloud-init[1032]: |. + B=* +        |
[   35.078850] cloud-init[1032]: | + +oXo=So       |
[   35.081010] cloud-init[1032]: |  o.=o=.+.       |
[   35.083408] cloud-init[1032]: |   .=o +.        |
[   35.085692] cloud-init[1032]: | .Eo             |
[   35.087394] cloud-init[1032]: | .oo             |
[   35.089802] cloud-init[1032]: +----[SHA256]-----+
[   35.091304] cloud-init[1032]: Generating public/private ed25519 key pair.
[   35.094124] cloud-init[1032]: Your identification has been saved in /etc/ssh/ssh_host_ed25519_key.
[   35.098038] cloud-init[1032]: Your public key has been saved in /etc/ssh/ssh_host_ed25519_key.pub.
[   35.101423] cloud-init[1032]: The key fingerprint is:
[   35.103523] cloud-init[1032]: SHA256:5mgM8bbqQDZnNzdTxZwEOWKGMpdYbpN/EVOMqnwJz9Q root@ubuntu-bionic
[   35.107529] cloud-init[1032]: The key's randomart image is:
[   35.109942] cloud-init[1032]: +--[ED25519 256]--+
[   35.112658] cloud-init[1032]: |     o.o  +X+.   |
[   35.114297] cloud-init[1032]: |    +.+.+ ++=    |
[   35.115877] cloud-init[1032]: |    .+=o +o.     |
[   35.117619] cloud-init[1032]: |     +.oo.E.     |
[   35.119136] cloud-init[1032]: |  + +.=*S..      |
[   35.120988] cloud-init[1032]: | o + =oB=+       |
[   35.122655] cloud-init[1032]: |  .   =..        |
[   35.126863] cloud-init[1032]: |   . o           |
[   35.129494] cloud-init[1032]: |   .o            |
[   35.131379] cloud-init[1032]: +----[SHA256]-----+
[[0;32m  OK  [0m] Started Initial cloud-init job (metadata service crawler).
[[0;32m  OK  [0m] Reached target Cloud-config availability.
[[0;32m  OK  [0m] Reached target Network is Online.
         Starting Availability of block devices...
[[0;32m  OK  [0m] Reached target Remote File Systems (Pre).
[[0;32m  OK  [0m] Reached target Remote File Systems.
[[0;32m  OK  [0m] Reached target System Initialization.
[[0;32m  OK  [0m] Started Discard unused blocks once a week.
[[0;32m  OK  [0m] Started Daily apt download activities.
[[0;32m  OK  [0m] Listening on ACPID Listen Socket.
         Starting Socket activation for snappy daemon.
[[0;32m  OK  [0m] Started Ubuntu Advantage Timer for running repeated jobs.
[[0;32m  OK  [0m] Listening on D-Bus System Message Bus Socket.
[[0;32m  OK  [0m] Started Daily apt upgrade and clean activities.
[[0;32m  OK  [0m] Listening on UUID daemon activation socket.
[[0;32m  OK  [0m] Listening on cloud-init hotplug hook socket.
[[0;32m  OK  [0m] Started ACPI Events Check.
[[0;32m  OK  [0m] Reached target Paths.
[[0;32m  OK  [0m] Started Daily Cleanup of Temporary Directories.
[[0;32m  OK  [0m] Started Message of the Day.
[[0;32m  OK  [0m] Reached target Timers.
[[0;32m  OK  [0m] Listening on Open-iSCSI iscsid Socket.
         Starting LXD - unix socket.
[[0;32m  OK  [0m] Started Availability of block devices.
[[0;32m  OK  [0m] Listening on Socket activation for snappy daemon.
[[0;32m  OK  [0m] Listening on LXD - unix socket.
[[0;32m  OK  [0m] Reached target Sockets.
[[0;32m  OK  [0m] Reached target Basic System.
[[0;32m  OK  [0m] Started FUSE filesystem for LXC.
         Starting Login Service...
         Starting LXD - container startup/shutdown...
         Starting LSB: Record successful boot for GRUB...
         Starting Virtualbox guest utils...
[[0;32m  OK  [0m] Started D-Bus System Message Bus.
[[0;32m  OK  [0m] Started Login Service.
[[0;32m  OK  [0m] Started Unattended Upgrades Shutdown.
         Starting LSB: automatic crash report generation...
         Starting Pollinate to seed the pseudo random number generator...
[[0;32m  OK  [0m] Started irqbalance daemon.
         Starting System Logging Service...
         Starting Permit User Sessions...
[[0;32m  OK  [0m] Started Regular background program processing daemon.
         Starting Accounts Service...
[[0;32m  OK  [0m] Started Deferred execution scheduler.
[[0;32m  OK  [0m] Reached target Login Prompts (Pre).
         Starting Dispatcher daemon for systemd-networkd...
         Starting Snap Daemon...
[[0;32m  OK  [0m] Started Permit User Sessions.
         Starting Hold until boot process finishes up...
         Starting Terminate Plymouth Boot Screen...
[[0;32m  OK  [0m] Started Hold until boot process finishes up.
[[0;32m  OK  [0m] Started Terminate Plymouth Boot Screen.
[[0;32m  OK  [0m] Started Serial Getty on ttyS0.
         Starting Set console scheme...
[[0;32m  OK  [0m] Started System Logging Service.
[[0;32m  OK  [0m] Started LSB: automatic crash report generation.
[[0;32m  OK  [0m] Started Set console scheme.
[[0;32m  OK  [0m] Created slice system-getty.slice.
[[0;32m  OK  [0m] Started Getty on tty1.
[[0;32m  OK  [0m] Reached target Login Prompts.
         Starting Authorization Manager...
[[0;32m  OK  [0m] Started LSB: Record successful boot for GRUB.
[[0;32m  OK  [0m] Started Authorization Manager.
[[0;32m  OK  [0m] Started Accounts Service.
[[0;32m  OK  [0m] Started Dispatcher daemon for systemd-networkd.
[[0;32m  OK  [0m] Started Virtualbox guest utils.

Ubuntu 18.04.6 LTS ubuntu-bionic ttyS0

ubuntu-bionic login: [   50.410530] cloud-init[1600]: Cloud-init v. 22.3.4-0ubuntu1~18.04.1 running 'modules:config' at Wed, 30 Nov 2022 05:20:56 +0000. Up 48.26 seconds.
ci-info: no authorized SSH keys fingerprints found for user ubuntu.
<14>Nov 30 05:21:02 cloud-init: #############################################################
<14>Nov 30 05:21:02 cloud-init: -----BEGIN SSH HOST KEY FINGERPRINTS-----
<14>Nov 30 05:21:02 cloud-init: 1024 SHA256:X4eNpDaiFbaHVJRptgCXyJGMAtyYQjUGVtcYUUQYQ4I root@ubuntu-bionic (DSA)
<14>Nov 30 05:21:02 cloud-init: 256 SHA256:CwzFxz7oJ5NCejVMZhAxle8JMjOzg3BsJVavuWmsPDY root@ubuntu-bionic (ECDSA)
<14>Nov 30 05:21:02 cloud-init: 256 SHA256:5mgM8bbqQDZnNzdTxZwEOWKGMpdYbpN/EVOMqnwJz9Q root@ubuntu-bionic (ED25519)
<14>Nov 30 05:21:02 cloud-init: 2048 SHA256:2CPOHLYg0JAKFKkgqR3eUbwk2kIZ4cAwLE+evQIOY3A root@ubuntu-bionic (RSA)
<14>Nov 30 05:21:02 cloud-init: -----END SSH HOST KEY FINGERPRINTS-----
<14>Nov 30 05:21:02 cloud-init: #############################################################
-----BEGIN SSH HOST KEY KEYS-----
ecdsa-sha2-nistp256 AAAAE2VjZHNhLXNoYTItbmlzdHAyNTYAAAAIbmlzdHAyNTYAAABBBN5RilWTbyzag7LFYGAju/ztCTnK6v+dd5NQk/FIKDx5aeTdffCmJ2N40fgskxqnTw/mPN8AePfyfAcFTxqIW9A= root@ubuntu-bionic
ssh-ed25519 AAAAC3NzaC1lZDI1NTE5AAAAICeceywOpSoy8oHrsiGd3piObbGAJ2+zrE1mxHgraKbY root@ubuntu-bionic
ssh-rsa AAAAB3NzaC1yc2EAAAADAQABAAABAQCt22Dq0//5Ha2PjcrHd0UN3RPA6I9HNft6W8DNLi4gGPoWmNgjJlv8ttrZUs1RmI7uACdWpyYR5IdSmKZft5/vo2RJ0gC9OizzQ4tvmCwP7DDAU9VfhcKgdDObBkcLXT/oW5hL1zybTQmdDsssfc00u6ryxeSgeNv7pNha/rceQL21SKVh4qZATcdt0kCBILjf4LFhmkTKKPjwnQGA4ef3tvQT9u2WfrgZ5Kf57nOe36oUAUB7WI7QE6H8xGt2y69C/x2MVrTf5q9GzKfYr+atlcIzonp/Jh/qkosgvfnptXCddebQKTtdIcgdlWQnIMDs28MllojqDxFTrgWiH7rP root@ubuntu-bionic
-----END SSH HOST KEY KEYS-----
[   54.313565] cloud-init[1685]: Cloud-init v. 22.3.4-0ubuntu1~18.04.1 running 'modules:final' at Wed, 30 Nov 2022 05:21:01 +0000. Up 53.59 seconds.
[   54.313703] cloud-init[1685]: Cloud-init v. 22.3.4-0ubuntu1~18.04.1 finished at Wed, 30 Nov 2022 05:21:02 +0000. Datasource DataSourceNoCloud [seed=/dev/sdb][dsmode=net].  Up 54.27 seconds
[[0;32m  OK  [0m] Stopped Unattended Upgrades Shutdown.
         Stopping Session 11 of user vagrant.
[[0;32m  OK  [0m] Stopped target Cloud-init target.
         Stopping User Manager for UID 1000...
[[0;32m  OK  [0m] Closed Load/Save RF Kill Switch Status /dev/rfkill Watch.
[[0;32m  OK  [0m] Stopped target Graphical Interface.
[[0;32m  OK  [0m] Stopped Execute cloud user/final scripts.
[[0;32m  OK  [0m] Stopped target Timers.
[[0;32m  OK  [0m] Stopped Message of the Day.
[[0;32m  OK  [0m] Stopped Daily Cleanup of Temporary Directories.
[[0;32m  OK  [0m] Stopped Daily apt upgrade and clean activities.
[[0;32m  OK  [0m] Stopped Daily apt download activities.
[[0;32m  OK  [0m] Stopped Discard unused blocks once a week.
[[0;32m  OK  [0m] Stopped target Multi-User System.
         Stopping Dispatcher daemon for systemd-networkd...
         Stopping LXD - container startup/shutdown...
         Stopping LSB: Record successful boot for GRUB...
[[0;32m  OK  [0m] Stopped target Login Prompts.
         Stopping Getty on tty1...
         Stopping The Apache HTTP Server...
         Stopping MySQL Community Server...
         Stopping Virtualbox guest utils...
         Stopping Regular background program processing daemon...
         Stopping irqbalance daemon...
         Stopping LSB: automatic crash report generation...
         Stopping Authorization Manager...
[[0;32m  OK  [0m] Stopped Ubuntu Advantage Timer for running repeated jobs.
         Stopping Availability of block devices...
         Stopping OpenBSD Secure Shell server...
[[0;32m  OK  [0m] Stopped Apply the settings specified in cloud-config.
[[0;32m  OK  [0m] Stopped Wait until snapd is fully seeded.
         Stopping Accounts Service...
         Stopping Deferred execution scheduler...
[[0;32m  OK  [0m] Stopped Clean PHP session files every 30 mins.
[[0;32m  OK  [0m] Stopped target System Time Synchronized.
         Stopping System Logging Service...
         Stopping D-Bus System Message Bus...
[[0;32m  OK  [0m] Stopped target Cloud-config availability.
         Stopping Serial Getty on ttyS0...
         Stopping FUSE filesystem for LXC...
[[0;32m  OK  [0m] Unmounted /var/lib/lxcfs.
[[0;32m  OK  [0m] Stopped irqbalance daemon.
[[0;32m  OK  [0m] Stopped System Logging Service.
[[0;32m  OK  [0m] Stopped Regular background program processing daemon.
[[0;32m  OK  [0m] Stopped Accounts Service.
[[0;32m  OK  [0m] Stopped Deferred execution scheduler.
[[0;32m  OK  [0m] Stopped Dispatcher daemon for systemd-networkd.
[[0;32m  OK  [0m] Stopped Serial Getty on ttyS0.
[[0;32m  OK  [0m] Stopped Getty on tty1.
[[0;32m  OK  [0m] Stopped Authorization Manager.
[[0;32m  OK  [0m] Stopped OpenBSD Secure Shell server.
[[0;32m  OK  [0m] Stopped User Manager for UID 1000.
[[0;32m  OK  [0m] Stopped D-Bus System Message Bus.
[[0;32m  OK  [0m] Stopped Session 11 of user vagrant.
[[0;32m  OK  [0m] Stopped FUSE filesystem for LXC.
[[0;32m  OK  [0m] Removed slice User Slice of vagrant.
         Stopping Login Service...
[[0;32m  OK  [0m] Removed slice system-getty.slice.
[[0;32m  OK  [0m] Removed slice system-serial\x2dgetty.slice.
[[0;32m  OK  [0m] Stopped target Login Prompts (Pre).
         Stopping Permit User Sessions...
[[0;32m  OK  [0m] Stopped LXD - container startup/shutdown.
[[0;32m  OK  [0m] Stopped Permit User Sessions.
[[0;32m  OK  [0m] Stopped Login Service.
[[0;32m  OK  [0m] Stopped target User and Group Name Lookups.
[[0;32m  OK  [0m] Stopped Availability of block devices.
[[0;32m  OK  [0m] Stopped LSB: Record successful boot for GRUB.
[[0;32m  OK  [0m] Stopped Virtualbox guest utils.
[[0;32m  OK  [0m] Stopped LSB: automatic crash report generation.
[[0;32m  OK  [0m] Stopped MySQL Community Server.
[[0;32m  OK  [0m] Stopped The Apache HTTP Server.
[[0;32m  OK  [0m] Stopped target Basic System.
[[0;32m  OK  [0m] Stopped target Slices.
[[0;32m  OK  [0m] Removed slice User and Session Slice.
[[0;32m  OK  [0m] Stopped target Paths.
[[0;32m  OK  [0m] Stopped ACPI Events Check.
[[0;32m  OK  [0m] Stopped target Sockets.
[[0;32m  OK  [0m] Closed Socket activation for snappy daemon.
[[0;32m  OK  [0m] Closed cloud-init hotplug hook socket.
[[0;32m  OK  [0m] Closed ACPID Listen Socket.
[[0;32m  OK  [0m] Closed Open-iSCSI iscsid Socket.
[[0;32m  OK  [0m] Closed UUID daemon activation socket.
[[0;32m  OK  [0m] Closed LXD - unix socket.
[[0;32m  OK  [0m] Closed D-Bus System Message Bus Socket.
[[0;32m  OK  [0m] Closed Syslog Socket.
[[0;32m  OK  [0m] Stopped target System Initialization.
         Stopping Update UTMP about System Boot/Shutdown...
[[0;32m  OK  [0m] Stopped target Local Encrypted Volumes.
[[0;32m  OK  [0m] Stopped Forward Password Requests to Wall Directory Watch.
[[0;32m  OK  [0m] Stopped Dispatch Password Requests to Console Directory Watch.
[[0;32m  OK  [0m] Stopped Commit a transient machine-id on disk.
         Stopping Load/Save Random Seed...
[[0;32m  OK  [0m] Stopped target Remote File Systems.
         Unmounting /vagrant...
[[0;32m  OK  [0m] Stopped target Host and Network Name Lookups.
[[0;32m  OK  [0m] Unmounted /vagrant.
[[0;32m  OK  [0m] Stopped target Remote File Systems (Pre).
[[0;32m  OK  [0m] Stopped target Network is Online.
[[0;32m  OK  [0m] Stopped target Network.
         Stopping Network Name Resolution...
[[0;32m  OK  [0m] Stopped Initial cloud-init job (metadata service crawler).
[[0;32m  OK  [0m] Stopped Update UTMP about System Boot/Shutdown.
[[0;32m  OK  [0m] Stopped Load/Save Random Seed.
[[0;32m  OK  [0m] Stopped Network Name Resolution.
         Stopping Network Service...
[[0;32m  OK  [0m] Stopped Create Volatile Files and Directories.
[[0;32m  OK  [0m] Stopped target Local File Systems.
         Unmounting /run/user/1000...
[[0;32m  OK  [0m] Unmounted /run/user/1000.
[[0;32m  OK  [0m] Reached target Unmount All Filesystems.
[[0;32m  OK  [0m] Stopped target Local File Systems (Pre).
         Stopping Monitoring of LVM2 mirrors…ng dmeventd or progress polling...
[[0;32m  OK  [0m] Stopped Create Static Device Nodes in /dev.
[[0;32m  OK  [0m] Stopped target Swap.
[[0;32m  OK  [0m] Stopped Network Service.
[[0;32m  OK  [0m] Stopped target Network (Pre).
[[0;32m  OK  [0m] Stopped Initial cloud-init job (pre-networking).
[[0;32m  OK  [0m] Stopped Remount Root and Kernel File Systems.
[[0;32m  OK  [0m] Stopped Apply Kernel Variables.
[[0;32m  OK  [0m] Stopped Load Kernel Modules.
[[0;32m  OK  [0m] Reached target Shutdown.
[[0;32m  OK  [0m] Reached target Final Step.
         Starting Power-Off...
[ 4684.146719] reboot: Power down
